{"level":"info","time":"2026-02-06T20:37:36.953Z","pid":5552,"hostname":"NP550XDA-KT2BR","component":"scheduler","action":"Iniciando scheduler persistente","msg":"⏰ Scheduler: Iniciando scheduler persistente"}
{"level":"info","time":"2026-02-06T20:37:37.265Z","pid":5552,"hostname":"NP550XDA-KT2BR","component":"scheduler","action":"Atualizando cache de dados","msg":"⏰ Scheduler: Atualizando cache de dados"}
{"level":"info","time":"2026-02-06T20:37:42.703Z","pid":5552,"hostname":"NP550XDA-KT2BR","component":"bot","action":"Bot Supremo Iniciado","msg":"🤖 Bot: Bot Supremo Iniciado"}
{"level":"info","time":"2026-02-06T20:37:46.106Z","pid":5552,"hostname":"NP550XDA-KT2BR","count":0,"component":"google","action":"Eventos listados","msg":"📅 Google: Eventos listados"}
{"level":"info","time":"2026-02-06T20:37:48.683Z","pid":5552,"hostname":"NP550XDA-KT2BR","listCount":7,"component":"google","action":"Tarefas agrupadas listadas","msg":"📅 Google: Tarefas agrupadas listadas"}
{"level":"warn","time":"2026-02-06T20:37:52.889Z","pid":5552,"hostname":"NP550XDA-KT2BR","error":"invalid key","attempts":1,"msg":"Trello getLists falhou após 1 tentativa(s)"}
{"level":"warn","time":"2026-02-06T20:37:52.890Z","pid":5552,"hostname":"NP550XDA-KT2BR","error":"invalid key","attempts":1,"msg":"Trello listAllCards falhou após 1 tentativa(s)"}
{"level":"error","time":"2026-02-06T20:37:52.933Z","pid":5552,"hostname":"NP550XDA-KT2BR","component":"Scheduler","error":"invalid key","stack":"Error: invalid key\n    at C:\\Users\\Samsung\\Desktop\\Projetos 02\\telegram-assistant-bot\\src\\services\\trello.js:23:33\n    at process.processTicksAndRejections (node:internal/process/task_queues:104:5)\n    at async withRetry (C:\\Users\\Samsung\\Desktop\\Projetos 02\\telegram-assistant-bot\\src\\utils\\retry.js:35:20)\n    at async C:\\Users\\Samsung\\Desktop\\Projetos 02\\telegram-assistant-bot\\src\\services\\trello.js:113:23\n    at async withRetry (C:\\Users\\Samsung\\Desktop\\Projetos 02\\telegram-assistant-bot\\src\\utils\\retry.js:35:20)\n    at async refreshDataCache (C:\\Users\\Samsung\\Desktop\\Projetos 02\\telegram-assistant-bot\\src\\services\\scheduler.js:88:29)","msg":"❌ Scheduler Error: invalid key"}
{"level":"info","time":"2026-02-06T21:00:00.031Z","pid":5552,"hostname":"NP550XDA-KT2BR","component":"scheduler","action":"Atualizando cache de dados","msg":"⏰ Scheduler: Atualizando cache de dados"}
{"level":"info","time":"2026-02-06T21:00:01.035Z","pid":5552,"hostname":"NP550XDA-KT2BR","count":0,"component":"google","action":"Eventos listados","msg":"📅 Google: Eventos listados"}
{"level":"info","time":"2026-02-06T21:00:04.383Z","pid":5552,"hostname":"NP550XDA-KT2BR","listCount":7,"component":"google","action":"Tarefas agrupadas listadas","msg":"📅 Google: Tarefas agrupadas listadas"}
{"level":"warn","time":"2026-02-06T21:00:04.781Z","pid":5552,"hostname":"NP550XDA-KT2BR","error":"invalid key","attempts":1,"msg":"Trello getLists falhou após 1 tentativa(s)"}
{"level":"warn","time":"2026-02-06T21:00:04.781Z","pid":5552,"hostname":"NP550XDA-KT2BR","error":"invalid key","attempts":1,"msg":"Trello listAllCards falhou após 1 tentativa(s)"}
{"level":"error","time":"2026-02-06T21:00:04.782Z","pid":5552,"hostname":"NP550XDA-KT2BR","component":"Scheduler","error":"invalid key","stack":"Error: invalid key\n    at C:\\Users\\Samsung\\Desktop\\Projetos 02\\telegram-assistant-bot\\src\\services\\trello.js:23:33\n    at process.processTicksAndRejections (node:internal/process/task_queues:104:5)\n    at async withRetry (C:\\Users\\Samsung\\Desktop\\Projetos 02\\telegram-assistant-bot\\src\\utils\\retry.js:35:20)\n    at async C:\\Users\\Samsung\\Desktop\\Projetos 02\\telegram-assistant-bot\\src\\services\\trello.js:113:23\n    at async withRetry (C:\\Users\\Samsung\\Desktop\\Projetos 02\\telegram-assistant-bot\\src\\utils\\retry.js:35:20)\n    at async refreshDataCache (C:\\Users\\Samsung\\Desktop\\Projetos 02\\telegram-assistant-bot\\src\\services\\scheduler.js:88:29)","msg":"❌ Scheduler Error: invalid key"}
{"level":"info","time":"2026-02-06T21:05:02.791Z","pid":23096,"hostname":"NP550XDA-KT2BR","component":"scheduler","action":"Iniciando scheduler persistente","msg":"⏰ Scheduler: Iniciando scheduler persistente"}
{"level":"info","time":"2026-02-06T21:05:02.796Z","pid":23096,"hostname":"NP550XDA-KT2BR","component":"scheduler","action":"Atualizando cache de dados","msg":"⏰ Scheduler: Atualizando cache de dados"}
{"level":"info","time":"2026-02-06T21:05:02.857Z","pid":23096,"hostname":"NP550XDA-KT2BR","component":"bot","action":"Bot Supremo Iniciado","msg":"🤖 Bot: Bot Supremo Iniciado"}
{"level":"info","time":"2026-02-06T21:05:03.890Z","pid":23096,"hostname":"NP550XDA-KT2BR","count":0,"component":"google","action":"Eventos listados","msg":"📅 Google: Eventos listados"}
{"level":"info","time":"2026-02-06T21:05:07.698Z","pid":23096,"hostname":"NP550XDA-KT2BR","listCount":7,"component":"google","action":"Tarefas agrupadas listadas","msg":"📅 Google: Tarefas agrupadas listadas"}
{"level":"warn","time":"2026-02-06T21:05:09.122Z","pid":23096,"hostname":"NP550XDA-KT2BR","error":"invalid key","attempts":1,"msg":"Trello getLists falhou após 1 tentativa(s)"}
{"level":"warn","time":"2026-02-06T21:05:09.123Z","pid":23096,"hostname":"NP550XDA-KT2BR","error":"invalid key","attempts":1,"msg":"Trello listAllCards falhou após 1 tentativa(s)"}
{"level":"error","time":"2026-02-06T21:05:09.124Z","pid":23096,"hostname":"NP550XDA-KT2BR","component":"Scheduler","error":"invalid key","stack":"Error: invalid key\n    at C:\\Users\\Samsung\\Desktop\\Projetos 02\\telegram-assistant-bot\\src\\services\\trello.js:23:33\n    at process.processTicksAndRejections (node:internal/process/task_queues:104:5)\n    at async withRetry (C:\\Users\\Samsung\\Desktop\\Projetos 02\\telegram-assistant-bot\\src\\utils\\retry.js:35:20)\n    at async C:\\Users\\Samsung\\Desktop\\Projetos 02\\telegram-assistant-bot\\src\\services\\trello.js:113:23\n    at async withRetry (C:\\Users\\Samsung\\Desktop\\Projetos 02\\telegram-assistant-bot\\src\\utils\\retry.js:35:20)\n    at async refreshDataCache (C:\\Users\\Samsung\\Desktop\\Projetos 02\\telegram-assistant-bot\\src\\services\\scheduler.js:112:29)","msg":"❌ Scheduler Error: invalid key"}
